Log generated on: 2024-11-22 12:23:18
File read: .\ahdl\SO_CL_DE_23c_32768.csv
Dictionary Contents:
	SignalFrequency: 140.38085937499997
	SNR: 84.72139328514777
	SINAD: 83.18743483067581
	SignalPowerdB: -16.259098569700722
	TotalNoisePowerdB: -55.18303521635559
	InbandNoisePowerdB: -100.98049185484851
	ADC Resolution: 0.0015624999999999944
	HarmonicFreq: [ 421.14257812  701.90429687  982.66601562 1403.80859375]
	HarmonicPowerdB: [-106.93225977 -110.74368467 -112.91680295 -123.07032395]
	-------------------

Log generated on: 2024-11-22 12:28:08
File read: .\ahdl\SO_CL_DE_23c_32768.csv
Dictionary Contents:
	SignalFrequency: 140.38085937499997
	SNR: 84.72139328514777
	SINAD: 83.18743483067581
	SignalPowerdB: -16.259098569700722
	TotalNoisePowerdB: -55.18303521635559
	InbandNoisePowerdB: -100.98049185484851
	ADC Resolution: 0.0015624999999999944
	HarmonicFreq: [ 421.14257812  701.90429687  982.66601562 1403.80859375]
	HarmonicPowerdB: [-106.93225977 -110.74368467 -112.91680295 -123.07032395]
	-------------------

